# JRE version: OpenJDK Runtime Environment (8.0_452-b09) (build 1.8.0_452-b09)
# Java VM: OpenJDK 64-Bit Server VM (25.452-b09 mixed mode windows-amd64 compressed oops)
Heap:
 PSYoungGen      total 581632K, used 513615K [0x00000000d6300000, 0x0000000100000000, 0x0000000100000000)
  eden space 537600K, 90% used [0x00000000d6300000,0x00000000f3df7048,0x00000000f7000000)
  from space 44032K, 61% used [0x00000000f7000000,0x00000000f8a9ce40,0x00000000f9b00000)
  to   space 45056K, 0% used [0x00000000fd400000,0x00000000fd400000,0x0000000100000000)
 ParOldGen       total 247808K, used 107501K [0x0000000082800000, 0x0000000091a00000, 0x00000000d6300000)
  object space 247808K, 43% used [0x0000000082800000,0x00000000890fb430,0x0000000091a00000)
 Metaspace       used 110259K, capacity 115266K, committed 115456K, reserved 1153024K
  class space    used 11608K, capacity 12465K, committed 12544K, reserved 1048576K
GC Heap History (10 events):
Event: 36.001 GC heap before
{Heap before GC invocations=27 (full 3):
 PSYoungGen      total 450560K, used 450544K [0x00000000d6300000, 0x00000000f7d80000, 0x0000000100000000)
  eden space 429568K, 100% used [0x00000000d6300000,0x00000000f0680000,0x00000000f0680000)
  from space 20992K, 99% used [0x00000000f0680000,0x00000000f1afc0a0,0x00000000f1b00000)
  to   space 26112K, 0% used [0x00000000f6400000,0x00000000f6400000,0x00000000f7d80000)
 ParOldGen       total 130560K, used 50208K [0x0000000082800000, 0x000000008a780000, 0x00000000d6300000)
  object space 130560K, 38% used [0x0000000082800000,0x0000000085908258,0x000000008a780000)
 Metaspace       used 76072K, capacity 78918K, committed 79232K, reserved 1120256K
  class space    used 8208K, capacity 8709K, committed 8832K, reserved 1048576K
Event: 36.026 GC heap after
Heap after GC invocations=27 (full 3):
 PSYoungGen      total 518144K, used 25370K [0x00000000d6300000, 0x00000000f7d80000, 0x0000000100000000)
  eden space 492032K, 0% used [0x00000000d6300000,0x00000000d6300000,0x00000000f4380000)
  from space 26112K, 97% used [0x00000000f6400000,0x00000000f7cc69c0,0x00000000f7d80000)
  to   space 29696K, 0% used [0x00000000f4380000,0x00000000f4380000,0x00000000f6080000)
 ParOldGen       total 130560K, used 56032K [0x0000000082800000, 0x000000008a780000, 0x00000000d6300000)
  object space 130560K, 42% used [0x0000000082800000,0x0000000085eb8268,0x000000008a780000)
 Metaspace       used 76072K, capacity 78918K, committed 79232K, reserved 1120256K
  class space    used 8208K, capacity 8709K, committed 8832K, reserved 1048576K
}
Event: 41.254 GC heap before
{Heap before GC invocations=28 (full 3):
 PSYoungGen      total 518144K, used 517402K [0x00000000d6300000, 0x00000000f7d80000, 0x0000000100000000)
  eden space 492032K, 100% used [0x00000000d6300000,0x00000000f4380000,0x00000000f4380000)
  from space 26112K, 97% used [0x00000000f6400000,0x00000000f7cc69c0,0x00000000f7d80000)
  to   space 29696K, 0% used [0x00000000f4380000,0x00000000f4380000,0x00000000f6080000)
 ParOldGen       total 130560K, used 56032K [0x0000000082800000, 0x000000008a780000, 0x00000000d6300000)
  object space 130560K, 42% used [0x0000000082800000,0x0000000085eb8268,0x000000008a780000)
 Metaspace       used 87488K, capacity 90702K, committed 90880K, reserved 1130496K
  class space    used 9117K, capacity 9681K, committed 9728K, reserved 1048576K
Event: 41.287 GC heap after
Heap after GC invocations=28 (full 3):
 PSYoungGen      total 521728K, used 29692K [0x00000000d6300000, 0x00000000fc280000, 0x0000000100000000)
  eden space 492032K, 0% used [0x00000000d6300000,0x00000000d6300000,0x00000000f4380000)
  from space 29696K, 99% used [0x00000000f4380000,0x00000000f607f300,0x00000000f6080000)
  to   space 40448K, 0% used [0x00000000f9b00000,0x00000000f9b00000,0x00000000fc280000)
 ParOldGen       total 130560K, used 71981K [0x0000000082800000, 0x000000008a780000, 0x00000000d6300000)
  object space 130560K, 55% used [0x0000000082800000,0x0000000086e4b420,0x000000008a780000)
 Metaspace       used 87488K, capacity 90702K, committed 90880K, reserved 1130496K
  class space    used 9117K, capacity 9681K, committed 9728K, reserved 1048576K
}
Event: 44.802 GC heap before
{Heap before GC invocations=29 (full 3):
 PSYoungGen      total 521728K, used 292548K [0x00000000d6300000, 0x00000000fc280000, 0x0000000100000000)
  eden space 492032K, 53% used [0x00000000d6300000,0x00000000e63b1e00,0x00000000f4380000)
  from space 29696K, 99% used [0x00000000f4380000,0x00000000f607f300,0x00000000f6080000)
  to   space 40448K, 0% used [0x00000000f9b00000,0x00000000f9b00000,0x00000000fc280000)
 ParOldGen       total 130560K, used 71981K [0x0000000082800000, 0x000000008a780000, 0x00000000d6300000)
  object space 130560K, 55% used [0x0000000082800000,0x0000000086e4b420,0x000000008a780000)
 Metaspace       used 94723K, capacity 98248K, committed 98380K, reserved 1136640K
  class space    used 9756K, capacity 10374K, committed 10496K, reserved 1048576K
Event: 44.826 GC heap after
Heap after GC invocations=29 (full 3):
 PSYoungGen      total 578048K, used 31594K [0x00000000d6300000, 0x00000000fc680000, 0x0000000100000000)
  eden space 537600K, 0% used [0x00000000d6300000,0x00000000d6300000,0x00000000f7000000)
  from space 40448K, 78% used [0x00000000f9b00000,0x00000000fb9da9a0,0x00000000fc280000)
  to   space 44032K, 0% used [0x00000000f7000000,0x00000000f7000000,0x00000000f9b00000)
 ParOldGen       total 130560K, used 81261K [0x0000000082800000, 0x000000008a780000, 0x00000000d6300000)
  object space 130560K, 62% used [0x0000000082800000,0x000000008775b430,0x000000008a780000)
 Metaspace       used 94723K, capacity 98248K, committed 98380K, reserved 1136640K
  class space    used 9756K, capacity 10374K, committed 10496K, reserved 1048576K
}
Event: 44.826 GC heap before
{Heap before GC invocations=30 (full 4):
 PSYoungGen      total 578048K, used 31594K [0x00000000d6300000, 0x00000000fc680000, 0x0000000100000000)
  eden space 537600K, 0% used [0x00000000d6300000,0x00000000d6300000,0x00000000f7000000)
  from space 40448K, 78% used [0x00000000f9b00000,0x00000000fb9da9a0,0x00000000fc280000)
  to   space 44032K, 0% used [0x00000000f7000000,0x00000000f7000000,0x00000000f9b00000)
 ParOldGen       total 130560K, used 81261K [0x0000000082800000, 0x000000008a780000, 0x00000000d6300000)
  object space 130560K, 62% used [0x0000000082800000,0x000000008775b430,0x000000008a780000)
 Metaspace       used 94723K, capacity 98248K, committed 98380K, reserved 1136640K
  class space    used 9756K, capacity 10374K, committed 10496K, reserved 1048576K
Event: 45.465 GC heap after
Heap after GC invocations=30 (full 4):
 PSYoungGen      total 578048K, used 0K [0x00000000d6300000, 0x00000000fc680000, 0x0000000100000000)
  eden space 537600K, 0% used [0x00000000d6300000,0x00000000d6300000,0x00000000f7000000)
  from space 40448K, 0% used [0x00000000f9b00000,0x00000000f9b00000,0x00000000fc280000)
  to   space 44032K, 0% used [0x00000000f7000000,0x00000000f7000000,0x00000000f9b00000)
 ParOldGen       total 247808K, used 107493K [0x0000000082800000, 0x0000000091a00000, 0x00000000d6300000)
  object space 247808K, 43% used [0x0000000082800000,0x00000000890f9430,0x0000000091a00000)
 Metaspace       used 94723K, capacity 98248K, committed 98380K, reserved 1136640K
  class space    used 9756K, capacity 10374K, committed 10496K, reserved 1048576K
}
Event: 57.220 GC heap before
{Heap before GC invocations=31 (full 4):
 PSYoungGen      total 578048K, used 537600K [0x00000000d6300000, 0x00000000fc680000, 0x0000000100000000)
  eden space 537600K, 100% used [0x00000000d6300000,0x00000000f7000000,0x00000000f7000000)
  from space 40448K, 0% used [0x00000000f9b00000,0x00000000f9b00000,0x00000000fc280000)
  to   space 44032K, 0% used [0x00000000f7000000,0x00000000f7000000,0x00000000f9b00000)
 ParOldGen       total 247808K, used 107493K [0x0000000082800000, 0x0000000091a00000, 0x00000000d6300000)
  object space 247808K, 43% used [0x0000000082800000,0x00000000890f9430,0x0000000091a00000)
 Metaspace       used 105160K, capacity 109512K, committed 109824K, reserved 1146880K
  class space    used 11200K, capacity 11956K, committed 12032K, reserved 1048576K
Event: 57.742 GC heap after
Heap after GC invocations=31 (full 4):
 PSYoungGen      total 581632K, used 27251K [0x00000000d6300000, 0x0000000100000000, 0x0000000100000000)
  eden space 537600K, 0% used [0x00000000d6300000,0x00000000d6300000,0x00000000f7000000)
  from space 44032K, 61% used [0x00000000f7000000,0x00000000f8a9ce40,0x00000000f9b00000)
  to   space 45056K, 0% used [0x00000000fd400000,0x00000000fd400000,0x0000000100000000)
 ParOldGen       total 247808K, used 107501K [0x0000000082800000, 0x0000000091a00000, 0x00000000d6300000)
  object space 247808K, 43% used [0x0000000082800000,0x00000000890fb430,0x0000000091a00000)
 Metaspace       used 105160K, capacity 109512K, committed 109824K, reserved 1146880K
  class space    used 11200K, capacity 11956K, committed 12032K, reserved 1048576K
}

