# JRE version: OpenJDK Runtime Environment (8.0_452-b09) (build 1.8.0_452-b09)
# Java VM: OpenJDK 64-Bit Server VM (25.452-b09 mixed mode windows-amd64 compressed oops)
Heap:
 PSYoungGen      total 246784K, used 19521K [0x00000000d6300000, 0x00000000e9f80000, 0x0000000100000000)
  eden space 232960K, 8% used [0x00000000d6300000,0x00000000d76106c8,0x00000000e4680000)
  from space 13824K, 0% used [0x00000000e4680000,0x00000000e4680000,0x00000000e5400000)
  to   space 16384K, 0% used [0x00000000e8f80000,0x00000000e8f80000,0x00000000e9f80000)
 ParOldGen       total 90624K, used 39370K [0x0000000082800000, 0x0000000088080000, 0x00000000d6300000)
  object space 90624K, 43% used [0x0000000082800000,0x0000000084e72990,0x0000000088080000)
 Metaspace       used 57530K, capacity 59834K, committed 60180K, reserved 1101824K
  class space    used 7027K, capacity 7447K, committed 7552K, reserved 1048576K
GC Heap History (10 events):
Event: 9.073 GC heap before
{Heap before GC invocations=14 (full 2):
 PSYoungGen      total 193536K, used 2879K [0x00000000d6300000, 0x00000000e2b80000, 0x0000000100000000)
  eden space 183296K, 0% used [0x00000000d6300000,0x00000000d6300000,0x00000000e1600000)
  from space 10240K, 28% used [0x00000000e2080000,0x00000000e234fc68,0x00000000e2a80000)
  to   space 10752K, 0% used [0x00000000e1600000,0x00000000e1600000,0x00000000e2080000)
 ParOldGen       total 52224K, used 23438K [0x0000000082800000, 0x0000000085b00000, 0x00000000d6300000)
  object space 52224K, 44% used [0x0000000082800000,0x0000000083ee3800,0x0000000085b00000)
 Metaspace       used 34326K, capacity 35386K, committed 35416K, reserved 1081344K
  class space    used 4223K, capacity 4465K, committed 4480K, reserved 1048576K
Event: 9.160 GC heap after
Heap after GC invocations=14 (full 2):
 PSYoungGen      total 193536K, used 0K [0x00000000d6300000, 0x00000000e2b80000, 0x0000000100000000)
  eden space 183296K, 0% used [0x00000000d6300000,0x00000000d6300000,0x00000000e1600000)
  from space 10240K, 0% used [0x00000000e2080000,0x00000000e2080000,0x00000000e2a80000)
  to   space 10752K, 0% used [0x00000000e1600000,0x00000000e1600000,0x00000000e2080000)
 ParOldGen       total 90624K, used 19770K [0x0000000082800000, 0x0000000088080000, 0x00000000d6300000)
  object space 90624K, 21% used [0x0000000082800000,0x0000000083b4e810,0x0000000088080000)
 Metaspace       used 34326K, capacity 35386K, committed 35416K, reserved 1081344K
  class space    used 4223K, capacity 4465K, committed 4480K, reserved 1048576K
}
Event: 13.666 GC heap before
{Heap before GC invocations=15 (full 2):
 PSYoungGen      total 193536K, used 183296K [0x00000000d6300000, 0x00000000e2b80000, 0x0000000100000000)
  eden space 183296K, 100% used [0x00000000d6300000,0x00000000e1600000,0x00000000e1600000)
  from space 10240K, 0% used [0x00000000e2080000,0x00000000e2080000,0x00000000e2a80000)
  to   space 10752K, 0% used [0x00000000e1600000,0x00000000e1600000,0x00000000e2080000)
 ParOldGen       total 90624K, used 19770K [0x0000000082800000, 0x0000000088080000, 0x00000000d6300000)
  object space 90624K, 21% used [0x0000000082800000,0x0000000083b4e810,0x0000000088080000)
 Metaspace       used 42367K, capacity 43734K, committed 43904K, reserved 1087488K
  class space    used 5203K, capacity 5483K, committed 5504K, reserved 1048576K
Event: 13.701 GC heap after
Heap after GC invocations=15 (full 2):
 PSYoungGen      total 194048K, used 10747K [0x00000000d6300000, 0x00000000e6280000, 0x0000000100000000)
  eden space 183296K, 0% used [0x00000000d6300000,0x00000000d6300000,0x00000000e1600000)
  from space 10752K, 99% used [0x00000000e1600000,0x00000000e207ed60,0x00000000e2080000)
  to   space 12800K, 0% used [0x00000000e5600000,0x00000000e5600000,0x00000000e6280000)
 ParOldGen       total 90624K, used 21653K [0x0000000082800000, 0x0000000088080000, 0x00000000d6300000)
  object space 90624K, 23% used [0x0000000082800000,0x0000000083d25488,0x0000000088080000)
 Metaspace       used 42367K, capacity 43734K, committed 43904K, reserved 1087488K
  class space    used 5203K, capacity 5483K, committed 5504K, reserved 1048576K
}
Event: 20.546 GC heap before
{Heap before GC invocations=16 (full 2):
 PSYoungGen      total 194048K, used 194043K [0x00000000d6300000, 0x00000000e6280000, 0x0000000100000000)
  eden space 183296K, 100% used [0x00000000d6300000,0x00000000e1600000,0x00000000e1600000)
  from space 10752K, 99% used [0x00000000e1600000,0x00000000e207ed60,0x00000000e2080000)
  to   space 12800K, 0% used [0x00000000e5600000,0x00000000e5600000,0x00000000e6280000)
 ParOldGen       total 90624K, used 21653K [0x0000000082800000, 0x0000000088080000, 0x00000000d6300000)
  object space 90624K, 23% used [0x0000000082800000,0x0000000083d25488,0x0000000088080000)
 Metaspace       used 50287K, capacity 52218K, committed 52480K, reserved 1095680K
  class space    used 6263K, capacity 6611K, committed 6656K, reserved 1048576K
Event: 20.597 GC heap after
Heap after GC invocations=16 (full 2):
 PSYoungGen      total 244736K, used 10394K [0x00000000d6300000, 0x00000000e6180000, 0x0000000100000000)
  eden space 232960K, 0% used [0x00000000d6300000,0x00000000d6300000,0x00000000e4680000)
  from space 11776K, 88% used [0x00000000e5600000,0x00000000e6026bf0,0x00000000e6180000)
  to   space 13824K, 0% used [0x00000000e4680000,0x00000000e4680000,0x00000000e5400000)
 ParOldGen       total 90624K, used 29464K [0x0000000082800000, 0x0000000088080000, 0x00000000d6300000)
  object space 90624K, 32% used [0x0000000082800000,0x00000000844c62b0,0x0000000088080000)
 Metaspace       used 50287K, capacity 52218K, committed 52480K, reserved 1095680K
  class space    used 6263K, capacity 6611K, committed 6656K, reserved 1048576K
}
Event: 30.456 GC heap before
{Heap before GC invocations=17 (full 2):
 PSYoungGen      total 244736K, used 220852K [0x00000000d6300000, 0x00000000e6180000, 0x0000000100000000)
  eden space 232960K, 90% used [0x00000000d6300000,0x00000000e30867e0,0x00000000e4680000)
  from space 11776K, 88% used [0x00000000e5600000,0x00000000e6026bf0,0x00000000e6180000)
  to   space 13824K, 0% used [0x00000000e4680000,0x00000000e4680000,0x00000000e5400000)
 ParOldGen       total 90624K, used 29464K [0x0000000082800000, 0x0000000088080000, 0x00000000d6300000)
  object space 90624K, 32% used [0x0000000082800000,0x00000000844c62b0,0x0000000088080000)
 Metaspace       used 56686K, capacity 58910K, committed 59028K, reserved 1101824K
  class space    used 6955K, capacity 7339K, committed 7424K, reserved 1048576K
Event: 30.516 GC heap after
Heap after GC invocations=17 (full 2):
 PSYoungGen      total 246784K, used 13820K [0x00000000d6300000, 0x00000000e9f80000, 0x0000000100000000)
  eden space 232960K, 0% used [0x00000000d6300000,0x00000000d6300000,0x00000000e4680000)
  from space 13824K, 99% used [0x00000000e4680000,0x00000000e53ff180,0x00000000e5400000)
  to   space 16384K, 0% used [0x00000000e8f80000,0x00000000e8f80000,0x00000000e9f80000)
 ParOldGen       total 90624K, used 31152K [0x0000000082800000, 0x0000000088080000, 0x00000000d6300000)
  object space 90624K, 34% used [0x0000000082800000,0x000000008466c040,0x0000000088080000)
 Metaspace       used 56686K, capacity 58910K, committed 59028K, reserved 1101824K
  class space    used 6955K, capacity 7339K, committed 7424K, reserved 1048576K
}
Event: 30.516 GC heap before
{Heap before GC invocations=18 (full 3):
 PSYoungGen      total 246784K, used 13820K [0x00000000d6300000, 0x00000000e9f80000, 0x0000000100000000)
  eden space 232960K, 0% used [0x00000000d6300000,0x00000000d6300000,0x00000000e4680000)
  from space 13824K, 99% used [0x00000000e4680000,0x00000000e53ff180,0x00000000e5400000)
  to   space 16384K, 0% used [0x00000000e8f80000,0x00000000e8f80000,0x00000000e9f80000)
 ParOldGen       total 90624K, used 31152K [0x0000000082800000, 0x0000000088080000, 0x00000000d6300000)
  object space 90624K, 34% used [0x0000000082800000,0x000000008466c040,0x0000000088080000)
 Metaspace       used 56686K, capacity 58910K, committed 59028K, reserved 1101824K
  class space    used 6955K, capacity 7339K, committed 7424K, reserved 1048576K
Event: 31.108 GC heap after
Heap after GC invocations=18 (full 3):
 PSYoungGen      total 246784K, used 0K [0x00000000d6300000, 0x00000000e9f80000, 0x0000000100000000)
  eden space 232960K, 0% used [0x00000000d6300000,0x00000000d6300000,0x00000000e4680000)
  from space 13824K, 0% used [0x00000000e4680000,0x00000000e4680000,0x00000000e5400000)
  to   space 16384K, 0% used [0x00000000e8f80000,0x00000000e8f80000,0x00000000e9f80000)
 ParOldGen       total 90624K, used 39370K [0x0000000082800000, 0x0000000088080000, 0x00000000d6300000)
  object space 90624K, 43% used [0x0000000082800000,0x0000000084e72990,0x0000000088080000)
 Metaspace       used 56686K, capacity 58910K, committed 59028K, reserved 1101824K
  class space    used 6955K, capacity 7339K, committed 7424K, reserved 1048576K
}

