# JRE version: OpenJDK Runtime Environment (8.0_452-b09) (build 1.8.0_452-b09)
# Java VM: OpenJDK 64-Bit Server VM (25.452-b09 mixed mode windows-amd64 compressed oops)
Heap:
 PSYoungGen      total 98304K, used 97936K [0x00000000d6300000, 0x00000000deb00000, 0x0000000100000000)
  eden space 94720K, 99% used [0x00000000d6300000,0x00000000dbf5c9f0,0x00000000dbf80000)
  from space 3584K, 93% used [0x00000000de780000,0x00000000deac7900,0x00000000deb00000)
  to   space 6656K, 0% used [0x00000000dde00000,0x00000000dde00000,0x00000000de480000)
 ParOldGen       total 57344K, used 7042K [0x0000000082800000, 0x0000000086000000, 0x00000000d6300000)
  object space 57344K, 12% used [0x0000000082800000,0x0000000082ee08d0,0x0000000086000000)
 Metaspace       used 24743K, capacity 25468K, committed 25728K, reserved 1071104K
  class space    used 3139K, capacity 3334K, committed 3456K, reserved 1048576K
GC Heap History (10 events):
Event: 3.200 GC heap before
{Heap before GC invocations=5 (full 0):
 PSYoungGen      total 37888K, used 37640K [0x00000000d6300000, 0x00000000dad00000, 0x0000000100000000)
  eden space 32768K, 100% used [0x00000000d6300000,0x00000000d8300000,0x00000000d8300000)
  from space 5120K, 95% used [0x00000000d8800000,0x00000000d8cc20c0,0x00000000d8d00000)
  to   space 5120K, 0% used [0x00000000d8300000,0x00000000d8300000,0x00000000d8800000)
 ParOldGen       total 86016K, used 40K [0x0000000082800000, 0x0000000087c00000, 0x00000000d6300000)
  object space 86016K, 0% used [0x0000000082800000,0x000000008280a000,0x0000000087c00000)
 Metaspace       used 14909K, capacity 15366K, committed 15616K, reserved 1062912K
  class space    used 1872K, capacity 1989K, committed 2048K, reserved 1048576K
Event: 3.203 GC heap after
Heap after GC invocations=5 (full 0):
 PSYoungGen      total 37888K, used 5106K [0x00000000d6300000, 0x00000000daf00000, 0x0000000100000000)
  eden space 32768K, 0% used [0x00000000d6300000,0x00000000d6300000,0x00000000d8300000)
  from space 5120K, 99% used [0x00000000d8300000,0x00000000d87fca38,0x00000000d8800000)
  to   space 6144K, 0% used [0x00000000da900000,0x00000000da900000,0x00000000daf00000)
 ParOldGen       total 86016K, used 162K [0x0000000082800000, 0x0000000087c00000, 0x00000000d6300000)
  object space 86016K, 0% used [0x0000000082800000,0x0000000082828920,0x0000000087c00000)
 Metaspace       used 14909K, capacity 15366K, committed 15616K, reserved 1062912K
  class space    used 1872K, capacity 1989K, committed 2048K, reserved 1048576K
}
Event: 3.496 GC heap before
{Heap before GC invocations=6 (full 0):
 PSYoungGen      total 37888K, used 37874K [0x00000000d6300000, 0x00000000daf00000, 0x0000000100000000)
  eden space 32768K, 100% used [0x00000000d6300000,0x00000000d8300000,0x00000000d8300000)
  from space 5120K, 99% used [0x00000000d8300000,0x00000000d87fca38,0x00000000d8800000)
  to   space 6144K, 0% used [0x00000000da900000,0x00000000da900000,0x00000000daf00000)
 ParOldGen       total 86016K, used 162K [0x0000000082800000, 0x0000000087c00000, 0x00000000d6300000)
  object space 86016K, 0% used [0x0000000082800000,0x0000000082828920,0x0000000087c00000)
 Metaspace       used 18223K, capacity 18774K, committed 19072K, reserved 1067008K
  class space    used 2247K, capacity 2397K, committed 2432K, reserved 1048576K
Event: 3.503 GC heap after
Heap after GC invocations=6 (full 0):
 PSYoungGen      total 70656K, used 6121K [0x00000000d6300000, 0x00000000db100000, 0x0000000100000000)
  eden space 64512K, 0% used [0x00000000d6300000,0x00000000d6300000,0x00000000da200000)
  from space 6144K, 99% used [0x00000000da900000,0x00000000daefa578,0x00000000daf00000)
  to   space 7168K, 0% used [0x00000000da200000,0x00000000da200000,0x00000000da900000)
 ParOldGen       total 86016K, used 609K [0x0000000082800000, 0x0000000087c00000, 0x00000000d6300000)
  object space 86016K, 0% used [0x0000000082800000,0x0000000082898758,0x0000000087c00000)
 Metaspace       used 18223K, capacity 18774K, committed 19072K, reserved 1067008K
  class space    used 2247K, capacity 2397K, committed 2432K, reserved 1048576K
}
Event: 3.742 GC heap before
{Heap before GC invocations=7 (full 0):
 PSYoungGen      total 70656K, used 43237K [0x00000000d6300000, 0x00000000db100000, 0x0000000100000000)
  eden space 64512K, 57% used [0x00000000d6300000,0x00000000d873f218,0x00000000da200000)
  from space 6144K, 99% used [0x00000000da900000,0x00000000daefa578,0x00000000daf00000)
  to   space 7168K, 0% used [0x00000000da200000,0x00000000da200000,0x00000000da900000)
 ParOldGen       total 86016K, used 609K [0x0000000082800000, 0x0000000087c00000, 0x00000000d6300000)
  object space 86016K, 0% used [0x0000000082800000,0x0000000082898758,0x0000000087c00000)
 Metaspace       used 20484K, capacity 21048K, committed 21248K, reserved 1067008K
  class space    used 2538K, capacity 2698K, committed 2816K, reserved 1048576K
Event: 3.747 GC heap after
Heap after GC invocations=7 (full 0):
 PSYoungGen      total 71680K, used 4918K [0x00000000d6300000, 0x00000000dee00000, 0x0000000100000000)
  eden space 64512K, 0% used [0x00000000d6300000,0x00000000d6300000,0x00000000da200000)
  from space 7168K, 68% used [0x00000000da200000,0x00000000da6cdaf0,0x00000000da900000)
  to   space 6656K, 0% used [0x00000000de780000,0x00000000de780000,0x00000000dee00000)
 ParOldGen       total 86016K, used 3036K [0x0000000082800000, 0x0000000087c00000, 0x00000000d6300000)
  object space 86016K, 3% used [0x0000000082800000,0x0000000082af72f8,0x0000000087c00000)
 Metaspace       used 20484K, capacity 21048K, committed 21248K, reserved 1067008K
  class space    used 2538K, capacity 2698K, committed 2816K, reserved 1048576K
}
Event: 3.748 GC heap before
{Heap before GC invocations=8 (full 1):
 PSYoungGen      total 71680K, used 4918K [0x00000000d6300000, 0x00000000dee00000, 0x0000000100000000)
  eden space 64512K, 0% used [0x00000000d6300000,0x00000000d6300000,0x00000000da200000)
  from space 7168K, 68% used [0x00000000da200000,0x00000000da6cdaf0,0x00000000da900000)
  to   space 6656K, 0% used [0x00000000de780000,0x00000000de780000,0x00000000dee00000)
 ParOldGen       total 86016K, used 3036K [0x0000000082800000, 0x0000000087c00000, 0x00000000d6300000)
  object space 86016K, 3% used [0x0000000082800000,0x0000000082af72f8,0x0000000087c00000)
 Metaspace       used 20484K, capacity 21048K, committed 21248K, reserved 1067008K
  class space    used 2538K, capacity 2698K, committed 2816K, reserved 1048576K
Event: 3.802 GC heap after
Heap after GC invocations=8 (full 1):
 PSYoungGen      total 71680K, used 0K [0x00000000d6300000, 0x00000000dee00000, 0x0000000100000000)
  eden space 64512K, 0% used [0x00000000d6300000,0x00000000d6300000,0x00000000da200000)
  from space 7168K, 0% used [0x00000000da200000,0x00000000da200000,0x00000000da900000)
  to   space 6656K, 0% used [0x00000000de780000,0x00000000de780000,0x00000000dee00000)
 ParOldGen       total 57344K, used 7034K [0x0000000082800000, 0x0000000086000000, 0x00000000d6300000)
  object space 57344K, 12% used [0x0000000082800000,0x0000000082ede8d0,0x0000000086000000)
 Metaspace       used 20482K, capacity 21042K, committed 21248K, reserved 1067008K
  class space    used 2538K, capacity 2697K, committed 2816K, reserved 1048576K
}
Event: 5.564 GC heap before
{Heap before GC invocations=9 (full 1):
 PSYoungGen      total 71680K, used 64512K [0x00000000d6300000, 0x00000000dee00000, 0x0000000100000000)
  eden space 64512K, 100% used [0x00000000d6300000,0x00000000da200000,0x00000000da200000)
  from space 7168K, 0% used [0x00000000da200000,0x00000000da200000,0x00000000da900000)
  to   space 6656K, 0% used [0x00000000de780000,0x00000000de780000,0x00000000dee00000)
 ParOldGen       total 57344K, used 7034K [0x0000000082800000, 0x0000000086000000, 0x00000000d6300000)
  object space 57344K, 12% used [0x0000000082800000,0x0000000082ede8d0,0x0000000086000000)
 Metaspace       used 23167K, capacity 23834K, committed 23936K, reserved 1071104K
  class space    used 2970K, capacity 3149K, committed 3200K, reserved 1048576K
Event: 5.568 GC heap after
Heap after GC invocations=9 (full 1):
 PSYoungGen      total 98304K, used 3358K [0x00000000d6300000, 0x00000000deb00000, 0x0000000100000000)
  eden space 94720K, 0% used [0x00000000d6300000,0x00000000d6300000,0x00000000dbf80000)
  from space 3584K, 93% used [0x00000000de780000,0x00000000deac7900,0x00000000deb00000)
  to   space 6656K, 0% used [0x00000000dde00000,0x00000000dde00000,0x00000000de480000)
 ParOldGen       total 57344K, used 7042K [0x0000000082800000, 0x0000000086000000, 0x00000000d6300000)
  object space 57344K, 12% used [0x0000000082800000,0x0000000082ee08d0,0x0000000086000000)
 Metaspace       used 23167K, capacity 23834K, committed 23936K, reserved 1071104K
  class space    used 2970K, capacity 3149K, committed 3200K, reserved 1048576K
}

